<?xml version="1.0" encoding="UTF-8"?>
<coverage generated="1761323530955" clover="3.2.0">
  <project timestamp="1761323530955" name="All files">
    <metrics statements="36" coveredstatements="35" conditionals="39" coveredconditionals="21" methods="6" coveredmethods="6" elements="81" coveredelements="62" complexity="0" loc="36" ncloc="36" packages="2" files="2" classes="2"/>
    <package name="config">
      <metrics statements="17" coveredstatements="16" conditionals="15" coveredconditionals="9" methods="3" coveredmethods="3"/>
      <file name="blockdag.js" path="/Users/brightlazarus/Documents/Github/Hackathon-backend/src/config/blockdag.js">
        <metrics statements="17" coveredstatements="16" conditionals="15" coveredconditionals="9" methods="3" coveredmethods="3"/>
        <line num="1" count="1" type="stmt"/>
        <line num="7" count="1" type="stmt"/>
        <line num="8" count="1" type="cond" truecount="2" falsecount="0"/>
        <line num="9" count="1" type="cond" truecount="2" falsecount="0"/>
        <line num="11" count="1" type="cond" truecount="1" falsecount="1"/>
        <line num="12" count="0" type="stmt"/>
        <line num="15" count="1" type="cond" truecount="0" falsecount="1"/>
        <line num="16" count="3" type="cond" truecount="1" falsecount="1"/>
        <line num="17" count="3" type="stmt"/>
        <line num="18" count="3" type="stmt"/>
        <line num="20" count="3" type="cond" truecount="3" falsecount="3"/>
        <line num="21" count="3" type="stmt"/>
        <line num="24" count="1" type="stmt"/>
        <line num="26" count="2" type="stmt"/>
        <line num="29" count="1" type="stmt"/>
        <line num="30" count="1" type="stmt"/>
        <line num="33" count="1" type="stmt"/>
      </file>
    </package>
    <package name="utils">
      <metrics statements="19" coveredstatements="19" conditionals="24" coveredconditionals="12" methods="3" coveredmethods="3"/>
      <file name="blockdagUtils.js" path="/Users/brightlazarus/Documents/Github/Hackathon-backend/src/utils/blockdagUtils.js">
        <metrics statements="19" coveredstatements="19" conditionals="24" coveredconditionals="12" methods="3" coveredmethods="3"/>
        <line num="1" count="1" type="stmt"/>
        <line num="7" count="1" type="stmt"/>
        <line num="8" count="5" type="cond" truecount="2" falsecount="0"/>
        <line num="11" count="3" type="cond" truecount="2" falsecount="0"/>
        <line num="12" count="1" type="stmt"/>
        <line num="16" count="2" type="cond" truecount="2" falsecount="3"/>
        <line num="17" count="2" type="cond" truecount="2" falsecount="3"/>
        <line num="18" count="2" type="cond" truecount="2" falsecount="3"/>
        <line num="20" count="2" type="stmt"/>
        <line num="28" count="1" type="cond" truecount="0" falsecount="1"/>
        <line num="29" count="2" type="cond" truecount="1" falsecount="1"/>
        <line num="30" count="2" type="stmt"/>
        <line num="31" count="2" type="stmt"/>
        <line num="32" count="2" type="stmt"/>
        <line num="38" count="1" type="stmt"/>
        <line num="39" count="1" type="cond" truecount="1" falsecount="1"/>
        <line num="40" count="1" type="stmt"/>
        <line num="41" count="1" type="stmt"/>
        <line num="44" count="1" type="stmt"/>
      </file>
    </package>
  </project>
</coverage>
