{"/Users/brightlazarus/Documents/Github/Hackathon-backend/src/config/blockdag.js": {"path":"/Users/brightlazarus/Documents/Github/Hackathon-backend/src/config/blockdag.js","statementMap":{"0":{"start":{"line":1,"column":14},"end":{"line":1,"column":30}},"1":{"start":{"line":7,"column":25},"end":{"line":7,"column":53}},"2":{"start":{"line":8,"column":22},"end":{"line":8,"column":85}},"3":{"start":{"line":9,"column":19},"end":{"line":9,"column":83}},"4":{"start":{"line":11,"column":0},"end":{"line":13,"column":1}},"5":{"start":{"line":12,"column":2},"end":{"line":12,"column":91}},"6":{"start":{"line":15,"column":19},"end":{"line":22,"column":1}},"7":{"start":{"line":16,"column":2},"end":{"line":16,"column":76}},"8":{"start":{"line":16,"column":25},"end":{"line":16,"column":76}},"9":{"start":{"line":17,"column":15},"end":{"line":17,"column":65}},"10":{"start":{"line":18,"column":14},"end":{"line":18,"column":107}},"11":{"start":{"line":20,"column":2},"end":{"line":20,"column":98}},"12":{"start":{"line":20,"column":34},"end":{"line":20,"column":98}},"13":{"start":{"line":21,"column":2},"end":{"line":21,"column":25}},"14":{"start":{"line":24,"column":26},"end":{"line":27,"column":1}},"15":{"start":{"line":26,"column":2},"end":{"line":26,"column":46}},"16":{"start":{"line":29,"column":23},"end":{"line":31,"column":1}},"17":{"start":{"line":30,"column":2},"end":{"line":30,"column":40}},"18":{"start":{"line":33,"column":0},"end":{"line":33,"column":55}}},"fnMap":{"0":{"name":"(anonymous_0)","decl":{"start":{"line":15,"column":19},"end":{"line":15,"column":20}},"loc":{"start":{"line":15,"column":50},"end":{"line":22,"column":1}},"line":15},"1":{"name":"(anonymous_1)","decl":{"start":{"line":24,"column":26},"end":{"line":24,"column":27}},"loc":{"start":{"line":24,"column":45},"end":{"line":27,"column":1}},"line":24},"2":{"name":"(anonymous_2)","decl":{"start":{"line":29,"column":23},"end":{"line":29,"column":24}},"loc":{"start":{"line":29,"column":39},"end":{"line":31,"column":1}},"line":29}},"branchMap":{"0":{"loc":{"start":{"line":8,"column":22},"end":{"line":8,"column":85}},"type":"binary-expr","locations":[{"start":{"line":8,"column":22},"end":{"line":8,"column":60}},{"start":{"line":8,"column":64},"end":{"line":8,"column":85}}],"line":8},"1":{"loc":{"start":{"line":9,"column":19},"end":{"line":9,"column":83}},"type":"binary-expr","locations":[{"start":{"line":9,"column":19},"end":{"line":9,"column":54}},{"start":{"line":9,"column":58},"end":{"line":9,"column":83}}],"line":9},"2":{"loc":{"start":{"line":11,"column":0},"end":{"line":13,"column":1}},"type":"if","locations":[{"start":{"line":11,"column":0},"end":{"line":13,"column":1}},{"start":{},"end":{}}],"line":11},"3":{"loc":{"start":{"line":15,"column":34},"end":{"line":15,"column":45}},"type":"default-arg","locations":[{"start":{"line":15,"column":43},"end":{"line":15,"column":45}}],"line":15},"4":{"loc":{"start":{"line":16,"column":2},"end":{"line":16,"column":76}},"type":"if","locations":[{"start":{"line":16,"column":2},"end":{"line":16,"column":76}},{"start":{},"end":{}}],"line":16},"5":{"loc":{"start":{"line":20,"column":2},"end":{"line":20,"column":98}},"type":"if","locations":[{"start":{"line":20,"column":2},"end":{"line":20,"column":98}},{"start":{},"end":{}}],"line":20},"6":{"loc":{"start":{"line":20,"column":6},"end":{"line":20,"column":32}},"type":"binary-expr","locations":[{"start":{"line":20,"column":6},"end":{"line":20,"column":14}},{"start":{"line":20,"column":18},"end":{"line":20,"column":32}}],"line":20},"7":{"loc":{"start":{"line":20,"column":50},"end":{"line":20,"column":96}},"type":"binary-expr","locations":[{"start":{"line":20,"column":50},"end":{"line":20,"column":72}},{"start":{"line":20,"column":76},"end":{"line":20,"column":96}}],"line":20}},"s":{"0":1,"1":1,"2":1,"3":1,"4":1,"5":0,"6":1,"7":3,"8":0,"9":3,"10":3,"11":3,"12":0,"13":3,"14":1,"15":2,"16":1,"17":1,"18":1},"f":{"0":3,"1":2,"2":1},"b":{"0":[1,1],"1":[1,1],"2":[0,1],"3":[0],"4":[0,3],"5":[0,3],"6":[3,3],"7":[0,0]},"_coverageSchema":"1a1c01bbd47fc00a2c39e90264f33305004495a9","hash":"779962dbb393e3dcee13b31ac373a8bcd8cfab78"}
,"/Users/brightlazarus/Documents/Github/Hackathon-backend/src/utils/blockdagUtils.js": {"path":"/Users/brightlazarus/Documents/Github/Hackathon-backend/src/utils/blockdagUtils.js","statementMap":{"0":{"start":{"line":1,"column":46},"end":{"line":1,"column":75}},"1":{"start":{"line":7,"column":27},"end":{"line":21,"column":1}},"2":{"start":{"line":8,"column":2},"end":{"line":8,"column":81}},"3":{"start":{"line":8,"column":15},"end":{"line":8,"column":81}},"4":{"start":{"line":11,"column":2},"end":{"line":13,"column":3}},"5":{"start":{"line":12,"column":4},"end":{"line":12,"column":77}},"6":{"start":{"line":16,"column":15},"end":{"line":16,"column":86}},"7":{"start":{"line":17,"column":17},"end":{"line":17,"column":97}},"8":{"start":{"line":18,"column":20},"end":{"line":18,"column":94}},"9":{"start":{"line":20,"column":2},"end":{"line":20,"column":50}},"10":{"start":{"line":28,"column":33},"end":{"line":33,"column":1}},"11":{"start":{"line":29,"column":2},"end":{"line":29,"column":73}},"12":{"start":{"line":29,"column":26},"end":{"line":29,"column":73}},"13":{"start":{"line":30,"column":18},"end":{"line":30,"column":36}},"14":{"start":{"line":31,"column":14},"end":{"line":31,"column":46}},"15":{"start":{"line":32,"column":2},"end":{"line":32,"column":33}},"16":{"start":{"line":38,"column":28},"end":{"line":42,"column":1}},"17":{"start":{"line":39,"column":2},"end":{"line":39,"column":70}},"18":{"start":{"line":39,"column":23},"end":{"line":39,"column":70}},"19":{"start":{"line":40,"column":14},"end":{"line":40,"column":40}},"20":{"start":{"line":41,"column":2},"end":{"line":41,"column":33}},"21":{"start":{"line":44,"column":0},"end":{"line":44,"column":87}}},"fnMap":{"0":{"name":"(anonymous_0)","decl":{"start":{"line":7,"column":27},"end":{"line":7,"column":28}},"loc":{"start":{"line":7,"column":39},"end":{"line":21,"column":1}},"line":7},"1":{"name":"(anonymous_1)","decl":{"start":{"line":28,"column":33},"end":{"line":28,"column":34}},"loc":{"start":{"line":28,"column":64},"end":{"line":33,"column":1}},"line":28},"2":{"name":"(anonymous_2)","decl":{"start":{"line":38,"column":28},"end":{"line":38,"column":29}},"loc":{"start":{"line":38,"column":44},"end":{"line":42,"column":1}},"line":38}},"branchMap":{"0":{"loc":{"start":{"line":8,"column":2},"end":{"line":8,"column":81}},"type":"if","locations":[{"start":{"line":8,"column":2},"end":{"line":8,"column":81}},{"start":{},"end":{}}],"line":8},"1":{"loc":{"start":{"line":11,"column":2},"end":{"line":13,"column":3}},"type":"if","locations":[{"start":{"line":11,"column":2},"end":{"line":13,"column":3}},{"start":{},"end":{}}],"line":11},"2":{"loc":{"start":{"line":16,"column":15},"end":{"line":16,"column":86}},"type":"binary-expr","locations":[{"start":{"line":16,"column":15},"end":{"line":16,"column":26}},{"start":{"line":16,"column":30},"end":{"line":16,"column":39}},{"start":{"line":16,"column":43},"end":{"line":16,"column":63}},{"start":{"line":16,"column":67},"end":{"line":16,"column":78}},{"start":{"line":16,"column":82},"end":{"line":16,"column":86}}],"line":16},"3":{"loc":{"start":{"line":17,"column":17},"end":{"line":17,"column":97}},"type":"binary-expr","locations":[{"start":{"line":17,"column":17},"end":{"line":17,"column":30}},{"start":{"line":17,"column":34},"end":{"line":17,"column":53}},{"start":{"line":17,"column":57},"end":{"line":17,"column":69}},{"start":{"line":17,"column":73},"end":{"line":17,"column":89}},{"start":{"line":17,"column":93},"end":{"line":17,"column":97}}],"line":17},"4":{"loc":{"start":{"line":18,"column":20},"end":{"line":18,"column":94}},"type":"binary-expr","locations":[{"start":{"line":18,"column":20},"end":{"line":18,"column":36}},{"start":{"line":18,"column":40},"end":{"line":18,"column":51}},{"start":{"line":18,"column":55},"end":{"line":18,"column":71}},{"start":{"line":18,"column":75},"end":{"line":18,"column":86}},{"start":{"line":18,"column":90},"end":{"line":18,"column":94}}],"line":18},"5":{"loc":{"start":{"line":28,"column":46},"end":{"line":28,"column":59}},"type":"default-arg","locations":[{"start":{"line":28,"column":57},"end":{"line":28,"column":59}}],"line":28},"6":{"loc":{"start":{"line":29,"column":2},"end":{"line":29,"column":73}},"type":"if","locations":[{"start":{"line":29,"column":2},"end":{"line":29,"column":73}},{"start":{},"end":{}}],"line":29},"7":{"loc":{"start":{"line":39,"column":2},"end":{"line":39,"column":70}},"type":"if","locations":[{"start":{"line":39,"column":2},"end":{"line":39,"column":70}},{"start":{},"end":{}}],"line":39}},"s":{"0":1,"1":1,"2":5,"3":2,"4":3,"5":1,"6":2,"7":2,"8":2,"9":2,"10":1,"11":2,"12":0,"13":2,"14":2,"15":2,"16":1,"17":1,"18":0,"19":1,"20":1,"21":1},"f":{"0":5,"1":2,"2":1},"b":{"0":[2,3],"1":[1,2],"2":[2,1,0,0,0],"3":[2,1,0,0,0],"4":[2,1,0,0,0],"5":[0],"6":[0,2],"7":[0,1]},"_coverageSchema":"1a1c01bbd47fc00a2c39e90264f33305004495a9","hash":"90a57289ac0d3cb68012e178cd2c7e3fcc0e4b6c"}
}
