TN:
SF:src/config/blockdag.js
FN:15,(anonymous_0)
FN:24,(anonymous_1)
FN:29,(anonymous_2)
FNF:3
FNH:3
FNDA:3,(anonymous_0)
FNDA:2,(anonymous_1)
FNDA:1,(anonymous_2)
DA:1,1
DA:7,1
DA:8,1
DA:9,1
DA:11,1
DA:12,0
DA:15,1
DA:16,3
DA:17,3
DA:18,3
DA:20,3
DA:21,3
DA:24,1
DA:26,2
DA:29,1
DA:30,1
DA:33,1
LF:17
LH:16
BRDA:8,0,0,1
BRDA:8,0,1,1
BRDA:9,1,0,1
BRDA:9,1,1,1
BRDA:11,2,0,0
BRDA:11,2,1,1
BRDA:15,3,0,0
BRDA:16,4,0,0
BRDA:16,4,1,3
BRDA:20,5,0,0
BRDA:20,5,1,3
BRDA:20,6,0,3
BRDA:20,6,1,3
BRDA:20,7,0,0
BRDA:20,7,1,0
BRF:15
BRH:9
end_of_record
TN:
SF:src/utils/blockdagUtils.js
FN:7,(anonymous_0)
FN:28,(anonymous_1)
FN:38,(anonymous_2)
FNF:3
FNH:3
FNDA:5,(anonymous_0)
FNDA:2,(anonymous_1)
FNDA:1,(anonymous_2)
DA:1,1
DA:7,1
DA:8,5
DA:11,3
DA:12,1
DA:16,2
DA:17,2
DA:18,2
DA:20,2
DA:28,1
DA:29,2
DA:30,2
DA:31,2
DA:32,2
DA:38,1
DA:39,1
DA:40,1
DA:41,1
DA:44,1
LF:19
LH:19
BRDA:8,0,0,2
BRDA:8,0,1,3
BRDA:11,1,0,1
BRDA:11,1,1,2
BRDA:16,2,0,2
BRDA:16,2,1,1
BRDA:16,2,2,0
BRDA:16,2,3,0
BRDA:16,2,4,0
BRDA:17,3,0,2
BRDA:17,3,1,1
BRDA:17,3,2,0
BRDA:17,3,3,0
BRDA:17,3,4,0
BRDA:18,4,0,2
BRDA:18,4,1,1
BRDA:18,4,2,0
BRDA:18,4,3,0
BRDA:18,4,4,0
BRDA:28,5,0,0
BRDA:29,6,0,0
BRDA:29,6,1,2
BRDA:39,7,0,0
BRDA:39,7,1,1
BRF:24
BRH:12
end_of_record
